0 info it worked if it ends with ok
1 verbose cli [ '/usr/bin/node',
1 verbose cli   '/usr/bin/npm',
1 verbose cli   'install',
1 verbose cli   'ngModal',
1 verbose cli   '--save',
1 verbose cli   '-dev' ]
2 info using npm@1.4.28
3 info using node@v0.10.37
4 verbose node symlink /usr/bin/node
5 warn package.json frontend@1.0.0 No description
6 warn package.json frontend@1.0.0 No repository field.
7 warn package.json frontend@1.0.0 No README data
8 verbose readDependencies using package.json deps
9 verbose cache add [ 'ngModal', null ]
10 verbose cache add name=undefined spec="ngModal" args=["ngModal",null]
11 verbose parsed url { protocol: null,
11 verbose parsed url   slashes: null,
11 verbose parsed url   auth: null,
11 verbose parsed url   host: null,
11 verbose parsed url   port: null,
11 verbose parsed url   hostname: null,
11 verbose parsed url   hash: null,
11 verbose parsed url   search: null,
11 verbose parsed url   query: null,
11 verbose parsed url   pathname: 'ngModal',
11 verbose parsed url   path: 'ngModal',
11 verbose parsed url   href: 'ngModal' }
12 silly lockFile 852e4c42-ngModal ngModal
13 verbose lock ngModal /home/rahul/.npm/852e4c42-ngModal.lock
14 silly lockFile 852e4c42-ngModal ngModal
15 silly lockFile 852e4c42-ngModal ngModal
16 verbose addNamed [ 'ngModal', '' ]
17 verbose addNamed [ null, '*' ]
18 silly lockFile 9365dc8e-ngModal ngModal@
19 verbose lock ngModal@ /home/rahul/.npm/9365dc8e-ngModal.lock
20 silly addNameRange { name: 'ngModal', range: '*', hasData: false }
21 verbose request where is /ngModal
22 verbose request registry https://registry.npmjs.org/
23 verbose request id 94836a80ee63e9ef
24 verbose url raw /ngModal
25 verbose url resolving [ 'https://registry.npmjs.org/', './ngModal' ]
26 verbose url resolved https://registry.npmjs.org/ngModal
27 verbose request where is https://registry.npmjs.org/ngModal
28 info trying registry request attempt 1 at 20:54:03
29 http GET https://registry.npmjs.org/ngModal
30 http 404 https://registry.npmjs.org/ngModal
31 silly registry.get cb [ 404,
31 silly registry.get   { 'content-type': 'application/json',
31 silly registry.get     'cache-control': 'max-age=0',
31 silly registry.get     'content-length': '2',
31 silly registry.get     'accept-ranges': 'bytes',
31 silly registry.get     date: 'Sat, 16 Jul 2016 15:24:04 GMT',
31 silly registry.get     via: '1.1 varnish',
31 silly registry.get     connection: 'keep-alive',
31 silly registry.get     'x-served-by': 'cache-sin6927-SIN',
31 silly registry.get     'x-cache': 'MISS',
31 silly registry.get     'x-cache-hits': '0',
31 silly registry.get     'x-timer': 'S1468682643.730127,VS0,VE863',
31 silly registry.get     vary: 'Accept-Encoding' } ]
32 silly lockFile 9365dc8e-ngModal ngModal@
33 silly lockFile 9365dc8e-ngModal ngModal@
34 error 404 Not Found
34 error 404
34 error 404 'ngModal' is not in the npm registry.
34 error 404 You should bug the author to publish it
34 error 404 It was specified as a dependency of 'frontend'
34 error 404
34 error 404 Note that you can also install from a
34 error 404 tarball, folder, or http url, or git url.
35 error System Linux 3.16.0-51-generic
36 error command "/usr/bin/node" "/usr/bin/npm" "install" "ngModal" "--save" "-dev"
37 error cwd /home/rahul/healthify/frontend
38 error node -v v0.10.37
39 error npm -v 1.4.28
40 error code E404
41 verbose exit [ 1, true ]
